arcore_facemakeup/Temp/gradleOut/unityLibrary/build/intermediates/manifest_merge_blame_file/release/manifest-merger-blame-release-report.txt
1<?xml version="1.0" encoding="utf-8"?>
2<!-- GENERATED BY UNITY. REMOVE THIS COMMENT TO PREVENT OVERWRITING WHEN EXPORTING AGAIN -->
3<manifest xmlns:android="http://schemas.android.com/apk/res/android"
4    xmlns:tools="http://schemas.android.com/tools"
5    package="com.unity3d.player"
6    android:versionCode="1"
7    android:versionName="0.1" >
8
9    <uses-sdk
10        android:minSdkVersion="28"
10-->src\main\AndroidManifest.xml
11        android:targetSdkVersion="29" />
11-->src\main\AndroidManifest.xml
12
13    <uses-feature android:glEsVersion="0x00020000" />
13-->src\main\AndroidManifest.xml:20:3-52
13-->src\main\AndroidManifest.xml:20:17-49
14
15    <uses-permission android:name="android.permission.INTERNET" />
15-->src\main\AndroidManifest.xml:21:3-65
15-->src\main\AndroidManifest.xml:21:20-62
16    <uses-permission android:name="android.permission.WRITE_EXTERNAL_STORAGE" />
16-->src\main\AndroidManifest.xml:22:3-79
16-->src\main\AndroidManifest.xml:22:20-76
17
18    <uses-feature
18-->src\main\AndroidManifest.xml:23:3-88
19        android:name="android.hardware.touchscreen"
19-->src\main\AndroidManifest.xml:23:17-60
20        android:required="false" />
20-->src\main\AndroidManifest.xml:23:61-85
21    <uses-feature
21-->src\main\AndroidManifest.xml:24:3-99
22        android:name="android.hardware.touchscreen.multitouch"
22-->src\main\AndroidManifest.xml:24:17-71
23        android:required="false" />
23-->src\main\AndroidManifest.xml:24:72-96
24    <uses-feature
24-->src\main\AndroidManifest.xml:25:3-108
25        android:name="android.hardware.touchscreen.multitouch.distinct"
25-->src\main\AndroidManifest.xml:25:17-80
26        android:required="false" />
26-->src\main\AndroidManifest.xml:25:81-105
27
28    <uses-permission android:name="android.permission.CAMERA" />
28-->src\main\AndroidManifest.xml:26:3-63
28-->src\main\AndroidManifest.xml:26:20-60
29
30    <uses-feature
30-->src\main\AndroidManifest.xml:27:3-85
31        android:name="android.hardware.camera.ar"
31-->src\main\AndroidManifest.xml:27:17-58
32        android:required="true" />
32-->src\main\AndroidManifest.xml:27:59-82
33
34    <application>
34-->src\main\AndroidManifest.xml:4:3-19:17
35        <activity
35-->src\main\AndroidManifest.xml:5:5-12:16
36            android:name="com.unity3d.player.UnityPlayerActivity"
36-->src\main\AndroidManifest.xml:5:15-68
37            android:configChanges="mcc|mnc|locale|touchscreen|keyboard|keyboardHidden|navigation|orientation|screenLayout|uiMode|screenSize|smallestScreenSize|fontScale|layoutDirection|density"
37-->src\main\AndroidManifest.xml:5:182-363
38            android:hardwareAccelerated="false"
38-->src\main\AndroidManifest.xml:5:364-399
39            android:launchMode="singleTask"
39-->src\main\AndroidManifest.xml:5:150-181
40            android:screenOrientation="fullSensor"
40-->src\main\AndroidManifest.xml:5:111-149
41            android:theme="@style/UnityThemeSelector" >
41-->src\main\AndroidManifest.xml:5:69-110
42            <intent-filter>
42-->src\main\AndroidManifest.xml:6:7-9:23
43                <action android:name="android.intent.action.MAIN" />
43-->src\main\AndroidManifest.xml:7:9-61
43-->src\main\AndroidManifest.xml:7:17-58
44
45                <category android:name="android.intent.category.LAUNCHER" />
45-->src\main\AndroidManifest.xml:8:9-69
45-->src\main\AndroidManifest.xml:8:19-66
46            </intent-filter>
47
48            <meta-data
48-->src\main\AndroidManifest.xml:10:7-82
49                android:name="unityplayer.UnityActivity"
49-->src\main\AndroidManifest.xml:10:18-58
50                android:value="true" />
50-->src\main\AndroidManifest.xml:10:59-79
51            <meta-data
51-->src\main\AndroidManifest.xml:11:7-78
52                android:name="android.notch_support"
52-->src\main\AndroidManifest.xml:11:18-54
53                android:value="true" />
53-->src\main\AndroidManifest.xml:11:55-75
54        </activity>
55
56        <meta-data
56-->src\main\AndroidManifest.xml:13:5-69
57            android:name="unity.splash-mode"
57-->src\main\AndroidManifest.xml:13:16-48
58            android:value="0" />
58-->src\main\AndroidManifest.xml:13:49-66
59        <meta-data
59-->src\main\AndroidManifest.xml:14:5-74
60            android:name="unity.splash-enable"
60-->src\main\AndroidManifest.xml:14:16-50
61            android:value="True" />
61-->src\main\AndroidManifest.xml:14:51-71
62        <meta-data
62-->src\main\AndroidManifest.xml:15:5-81
63            android:name="notch.config"
63-->src\main\AndroidManifest.xml:15:16-43
64            android:value="portrait|landscape" />
64-->src\main\AndroidManifest.xml:15:44-78
65        <meta-data
65-->src\main\AndroidManifest.xml:16:5-101
66            android:name="unity.build-id"
66-->src\main\AndroidManifest.xml:16:16-45
67            android:value="d35735de-9654-4c72-b27b-b8149743658c" />
67-->src\main\AndroidManifest.xml:16:46-98
68        <meta-data
68-->src\main\AndroidManifest.xml:17:5-88
69            android:name="unityplayer.SkipPermissionsDialog"
69-->src\main\AndroidManifest.xml:17:16-64
70            android:value="true" />
70-->src\main\AndroidManifest.xml:17:65-85
71        <meta-data
71-->src\main\AndroidManifest.xml:18:5-77
72            android:name="com.google.ar.core"
72-->src\main\AndroidManifest.xml:18:16-49
73            android:value="required" />
73-->src\main\AndroidManifest.xml:18:50-74
74    </application>
75
76</manifest>